<?xml version="1.0" encoding="UTF-8"?>
<!-- Generated by org.testng.reporters.JUnitReportReporter -->
<testsuite hostname="DESKTOP-BU2FNG9" failures="0" tests="1" name="Tests.VerifyCalculator" time="0.137" errors="0" timestamp="2021-03-28T18:18:37 EET" skipped="0">
  <testcase classname="Tests.VerifyCalculator" name="VerifyCalculatorResults" time="0.137"/>
  <system-out/>
</testsuite> <!-- Tests.VerifyCalculator -->
