<?xml version="1.0" encoding="UTF-8"?>
<!-- Generated by org.testng.reporters.JUnitReportReporter -->
<testsuite hostname="DESKTOP-BU2FNG9" failures="0" tests="1" name="Tests.VerifyEnterButton" time="5.313" errors="0" timestamp="2021-03-29T15:32:21 EET" skipped="0">
  <testcase classname="Tests.VerifyEnterButton" name="VerifySearchByEnterButton" time="5.313"/>
  <system-out/>
</testsuite> <!-- Tests.VerifyEnterButton -->
