<?xml version="1.0" encoding="UTF-8"?>
<!-- Generated by org.testng.reporters.JUnitReportReporter -->
<testsuite hostname="DESKTOP-BU2FNG9" failures="0" tests="1" name="Tests.VerifyResultsTest" time="8.439" errors="0" timestamp="2021-03-29T19:51:49 EET" skipped="0">
  <testcase classname="Tests.VerifyResultsTest" name="VerifySearchResults" time="8.439"/>
  <system-out/>
</testsuite> <!-- Tests.VerifyResultsTest -->
