<?xml version="1.0" encoding="UTF-8"?>
<!-- Generated by org.testng.reporters.JUnitReportReporter -->
<testsuite hostname="DESKTOP-BU2FNG9" failures="0" tests="1" name="Tests.VerifyAutocorrectTest" time="3.129" errors="0" timestamp="2021-03-29T19:51:49 EET" skipped="0">
  <testcase classname="Tests.VerifyAutocorrectTest" name="VerifyAutocorrect" time="3.129"/>
  <system-out/>
</testsuite> <!-- Tests.VerifyAutocorrectTest -->
